[debug] [2024-09-26T07:32:50.642Z] ----------------------------------------------------------------------
[debug] [2024-09-26T07:32:50.650Z] Command:       C:\my-dev\nodejs\node.exe C:\Users\robin\AppData\Roaming\npm\node_modules\firebase-tools\lib\bin\firebase.js init
[debug] [2024-09-26T07:32:50.650Z] CLI Version:   13.19.0
[debug] [2024-09-26T07:32:50.650Z] Platform:      win32
[debug] [2024-09-26T07:32:50.651Z] Node Version:  v20.10.0
[debug] [2024-09-26T07:32:50.651Z] Time:          Thu Sep 26 2024 09:32:50 GMT+0200 (Central European Summer Time)
[debug] [2024-09-26T07:32:50.651Z] ----------------------------------------------------------------------
[debug] 
[debug] [2024-09-26T07:32:50.658Z] > command requires scopes: ["email","openid","https://www.googleapis.com/auth/cloudplatformprojects.readonly","https://www.googleapis.com/auth/firebase","https://www.googleapis.com/auth/cloud-platform"]
[debug] [2024-09-26T07:32:50.659Z] > authorizing via signed-in user (robin.bakkerus@gmail.com)
[info] 
     ######## #### ########  ######## ########     ###     ######  ########
     ##        ##  ##     ## ##       ##     ##  ##   ##  ##       ##
     ######    ##  ########  ######   ########  #########  ######  ######
     ##        ##  ##    ##  ##       ##     ## ##     ##       ## ##
     ##       #### ##     ## ######## ########  ##     ##  ######  ########

You're about to initialize a Firebase project in this directory:

  C:\my-projects\flutter2\lets-mail

Before we get started, keep in mind:

  * You are currently outside your home directory

